[23:37:8 5-6-2012] REQUISCAO: PERGUNTA quanto_e_soma_3_4
[23:37:8 5-6-2012] RESPOSTA: 7

[23:37:10 5-6-2012] REQUISCAO: DATA
[23:37:10 5-6-2012] RESPOSTA: Tue Jun  5 23:37:10 2012

[23:37:13 5-6-2012] REQUISCAO: PERGUNTA quanto_e_soma_2_3
[23:37:13 5-6-2012] RESPOSTA: 5

[23:37:14 5-6-2012] REQUISCAO: DATA
[23:37:14 5-6-2012] RESPOSTA: Tue Jun  5 23:37:14 2012


[23:37:18 5-6-2012] REQUISCAO: PERGUNTA quanto_e_divisao_4197232_32767
[23:37:18 5-6-2012] RESPOSTA: 128

[23:37:18 5-6-2012] REQUISCAO: DATA
[23:37:18 5-6-2012] RESPOSTA: Tue Jun  5 23:37:18 2012

[23:37:20 5-6-2012] REQUISCAO: FALHA
[23:37:20 5-6-2012] RESPOSTA: Opcao_inexistente

[23:37:20 5-6-2012] REQUISCAO: FALHA
[23:37:20 5-6-2012] RESPOSTA: Opcao_inexistente

[23:37:21 5-6-2012] REQUISCAO: FALHA
[23:37:21 5-6-2012] RESPOSTA: Opcao_inexistente

[23:37:22 5-6-2012] REQUISCAO: DATA
[23:37:22 5-6-2012] RESPOSTA: Tue Jun  5 23:37:22 2012

[23:37:25 5-6-2012] REQUISCAO: DATA
[23:37:25 5-6-2012] RESPOSTA: Tue Jun  5 23:37:24 2012

[23:37:28 5-6-2012] REQUISCAO: PERGUNTA quanto_e_soma_2_4
[23:37:28 5-6-2012] RESPOSTA: 6

[23:37:31 5-6-2012] REQUISCAO: PERGUNTA qual_seu_nome_?
[23:37:31 5-6-2012] RESPOSTA: Joao
