[23:36:53 5-6-2012] Conexão com o Dispatcher aceita

[23:37:10 5-6-2012] REQUISICAO de DATA
[23:37:10 5-6-2012] RESPOSTA
[23:37:10 5-6-2012] Mensagem Tue Jun  5 23:37:10 2012

[23:37:18 5-6-2012] REQUISICAO de DATA
[23:37:18 5-6-2012] RESPOSTA
[23:37:18 5-6-2012] Mensagem Tue Jun  5 23:37:18 2012

[23:37:19 5-6-2012] REQUICAO de FALHA
[23:37:19 5-6-2012] RESPOSTA
[23:37:19 5-6-2012] Opcao_inexistente
[23:37:20 5-6-2012] REQUICAO de FALHA
[23:37:20 5-6-2012] RESPOSTA
[23:37:20 5-6-2012] Opcao_inexistente
[23:37:21 5-6-2012] REQUICAO de FALHA
[23:37:21 5-6-2012] RESPOSTA
[23:37:21 5-6-2012] Opcao_inexistente
[23:37:22 5-6-2012] REQUISICAO de DATA
[23:37:22 5-6-2012] RESPOSTA
[23:37:22 5-6-2012] Mensagem Tue Jun  5 23:37:22 2012

[23:37:24 5-6-2012] REQUISICAO de DATA
[23:37:24 5-6-2012] RESPOSTA
[23:37:24 5-6-2012] Mensagem Tue Jun  5 23:37:24 2012

[23:37:31 5-6-2012] REQUISICAO de PERGUNTA
[23:37:31 5-6-2012] PERGUNTA: qual_seu_nome_?
[23:37:31 5-6-2012] RESPOSTA: Joao
